[2022-02-09 14:58:02] merlin-logger.DEBUG: The Hello world post status was set to draft [] []
[2022-02-10 06:36:49] merlin-logger.DEBUG: The Hello world post status was set to draft [] []
[2022-02-10 07:30:00] merlin-logger.DEBUG: The Hello world post status was set to draft [] []
[2022-05-13 05:32:42] merlin-logger.DEBUG: The welcome step has been displayed [] []
[2022-05-13 05:32:47] merlin-logger.DEBUG: The child theme installation step has been displayed [] []
[2022-05-26 06:08:15] merlin-logger.DEBUG: The welcome step has been displayed [] []
[2022-05-26 06:08:22] merlin-logger.DEBUG: The child theme installation step has been displayed [] []
[2022-05-26 06:08:23] merlin-logger.DEBUG: The child theme style.css content was generated [] []
[2022-05-26 06:08:23] merlin-logger.DEBUG: The child theme functions.php content was generated [] []
[2022-05-26 06:08:23] merlin-logger.DEBUG: The child theme screenshot was copied to the child theme, with the following result {"copied":true} []
[2022-05-26 06:08:23] merlin-logger.DEBUG: The newly generated child theme was activated [] []
[2022-05-26 06:08:30] merlin-logger.DEBUG: The plugin installation step has been displayed [] []
[2022-05-26 06:08:30] merlin-logger.DEBUG: The plugin installation step has been displayed [] []
[2022-05-31 06:50:44] merlin-logger.DEBUG: The welcome step has been displayed [] []
[2022-06-07 11:50:46] merlin-logger.DEBUG: The welcome step has been displayed [] []
[2022-06-07 11:50:50] merlin-logger.DEBUG: The child theme installation step has been displayed [] []
[2022-06-07 11:50:52] merlin-logger.DEBUG: The existing child theme was activated [] []
[2022-06-07 11:50:56] merlin-logger.DEBUG: The plugin installation step has been displayed [] []
[2022-06-07 11:50:59] merlin-logger.DEBUG: A plugin with the following data will be processed {"plugin_slug":"uxper-metabox","message":"Installing"} []
[2022-06-07 11:51:05] merlin-logger.DEBUG: A plugin with the following data was processed {"plugin_slug":"uxper-metabox"} []
[2022-06-07 11:51:06] merlin-logger.DEBUG: A plugin with the following data will be processed {"plugin_slug":"woocommerce","message":"Installing"} []
[2022-06-07 11:51:28] merlin-logger.DEBUG: A plugin with the following data was processed {"plugin_slug":"woocommerce"} []
[2022-06-07 11:51:29] merlin-logger.DEBUG: A plugin with the following data will be processed {"plugin_slug":"contact-form-7","message":"Installing"} []
[2022-06-07 11:51:38] merlin-logger.DEBUG: A plugin with the following data was processed {"plugin_slug":"contact-form-7"} []
[2022-06-07 11:51:38] merlin-logger.DEBUG: A plugin with the following data will be processed {"plugin_slug":"date-time-picker-for-contact-form-7","message":"Installing"} []
[2022-06-07 11:51:47] merlin-logger.DEBUG: A plugin with the following data was processed {"plugin_slug":"date-time-picker-for-contact-form-7"} []
[2022-06-07 11:51:48] merlin-logger.DEBUG: A plugin with the following data will be processed {"plugin_slug":"mailchimp-for-wp","message":"Installing"} []
[2022-06-07 11:51:53] merlin-logger.DEBUG: The content import step has been displayed [] []
[2022-06-07 11:52:05] merlin-logger.DEBUG: The final step has been displayed [] []
