2022-07-07T05:55:46+00:00 CRITICAL syntax error, unexpected '<' in /var/www/html/wp-content/plugins/test plugin/plugin.php on line 56

2022-07-07T05:55:47+00:00 CRITICAL syntax error, unexpected '<' in /var/www/html/wp-content/plugins/test plugin/plugin.php on line 56

2022-07-07T05:55:47+00:00 CRITICAL syntax error, unexpected '<' in /var/www/html/wp-content/plugins/test plugin/plugin.php on line 56

2022-07-07T06:01:33+00:00 CRITICAL syntax error, unexpected end of file in /var/www/html/wp-content/plugins/test plugin/plugin.php on line 61

2022-07-07T06:01:35+00:00 CRITICAL syntax error, unexpected end of file in /var/www/html/wp-content/plugins/test plugin/plugin.php on line 61

2022-07-07T06:01:35+00:00 CRITICAL syntax error, unexpected end of file in /var/www/html/wp-content/plugins/test plugin/plugin.php on line 61

2022-07-07T06:33:56+00:00 CRITICAL syntax error, unexpected end of file in /var/www/html/wp-content/plugins/test plugin/plugin.php on line 53

2022-07-07T06:33:57+00:00 CRITICAL syntax error, unexpected end of file in /var/www/html/wp-content/plugins/test plugin/plugin.php on line 53

2022-07-07T06:33:58+00:00 CRITICAL syntax error, unexpected end of file in /var/www/html/wp-content/plugins/test plugin/plugin.php on line 53

2022-07-07T06:44:43+00:00 CRITICAL syntax error, unexpected 'else' (T_ELSE) in /var/www/html/wp-content/plugins/test plugin/plugin.php on line 40

2022-07-07T06:44:45+00:00 CRITICAL syntax error, unexpected 'else' (T_ELSE) in /var/www/html/wp-content/plugins/test plugin/plugin.php on line 40

2022-07-07T06:44:45+00:00 CRITICAL syntax error, unexpected 'else' (T_ELSE) in /var/www/html/wp-content/plugins/test plugin/plugin.php on line 40

2022-07-07T06:47:15+00:00 CRITICAL syntax error, unexpected end of file in /var/www/html/wp-content/plugins/test plugin/plugin.php on line 46

2022-07-07T06:47:17+00:00 CRITICAL syntax error, unexpected end of file in /var/www/html/wp-content/plugins/test plugin/plugin.php on line 46

2022-07-07T06:47:17+00:00 CRITICAL syntax error, unexpected end of file in /var/www/html/wp-content/plugins/test plugin/plugin.php on line 46

2022-07-07T06:49:24+00:00 CRITICAL syntax error, unexpected end of file in /var/www/html/wp-content/plugins/test plugin/plugin.php on line 45

2022-07-07T06:49:25+00:00 CRITICAL syntax error, unexpected end of file in /var/www/html/wp-content/plugins/test plugin/plugin.php on line 45

2022-07-07T06:49:26+00:00 CRITICAL syntax error, unexpected end of file in /var/www/html/wp-content/plugins/test plugin/plugin.php on line 45

2022-07-07T06:49:55+00:00 CRITICAL syntax error, unexpected end of file in /var/www/html/wp-content/plugins/test plugin/plugin.php on line 44

2022-07-07T06:49:56+00:00 CRITICAL syntax error, unexpected end of file in /var/www/html/wp-content/plugins/test plugin/plugin.php on line 44

2022-07-07T06:49:56+00:00 CRITICAL syntax error, unexpected end of file in /var/www/html/wp-content/plugins/test plugin/plugin.php on line 44

2022-07-07T06:50:30+00:00 CRITICAL syntax error, unexpected end of file in /var/www/html/wp-content/plugins/test plugin/plugin.php on line 44

2022-07-07T06:50:31+00:00 CRITICAL syntax error, unexpected end of file in /var/www/html/wp-content/plugins/test plugin/plugin.php on line 44

2022-07-07T06:50:32+00:00 CRITICAL syntax error, unexpected end of file in /var/www/html/wp-content/plugins/test plugin/plugin.php on line 44

2022-07-07T06:52:09+00:00 CRITICAL syntax error, unexpected end of file in /var/www/html/wp-content/plugins/test plugin/plugin.php on line 44

2022-07-07T06:52:11+00:00 CRITICAL syntax error, unexpected end of file in /var/www/html/wp-content/plugins/test plugin/plugin.php on line 44

2022-07-07T06:52:11+00:00 CRITICAL syntax error, unexpected end of file in /var/www/html/wp-content/plugins/test plugin/plugin.php on line 44

2022-07-07T06:53:00+00:00 CRITICAL syntax error, unexpected end of file in /var/www/html/wp-content/plugins/test plugin/plugin.php on line 44

2022-07-07T06:53:02+00:00 CRITICAL syntax error, unexpected end of file in /var/www/html/wp-content/plugins/test plugin/plugin.php on line 44

2022-07-07T06:53:02+00:00 CRITICAL syntax error, unexpected end of file in /var/www/html/wp-content/plugins/test plugin/plugin.php on line 44

2022-07-07T06:55:38+00:00 CRITICAL syntax error, unexpected end of file in /var/www/html/wp-content/plugins/test plugin/plugin.php on line 45

2022-07-07T06:55:40+00:00 CRITICAL syntax error, unexpected end of file in /var/www/html/wp-content/plugins/test plugin/plugin.php on line 45

2022-07-07T06:55:40+00:00 CRITICAL syntax error, unexpected end of file in /var/www/html/wp-content/plugins/test plugin/plugin.php on line 45

2022-07-07T07:04:02+00:00 CRITICAL syntax error, unexpected '.' in /var/www/html/wp-content/plugins/test plugin/plugin.php on line 41

2022-07-07T07:04:04+00:00 CRITICAL syntax error, unexpected '.' in /var/www/html/wp-content/plugins/test plugin/plugin.php on line 41

2022-07-07T07:04:04+00:00 CRITICAL syntax error, unexpected '.' in /var/www/html/wp-content/plugins/test plugin/plugin.php on line 41

2022-07-07T10:28:00+00:00 CRITICAL Uncaught Error: Class 'IDRCloudClient' not found in /var/www/html/wp-content/plugins/test plugin/plugin.php:51
Stack trace:
#0 /var/www/html/wp-content/plugins/test plugin/plugin.php(41): test_convert()
#1 /var/www/html/wp-content/plugins/test plugin/plugin.php(15): test_handle_post()
#2 /var/www/html/wp-includes/class-wp-hook.php(307): test_init()
#3 /var/www/html/wp-includes/class-wp-hook.php(331): WP_Hook->apply_filters()
#4 /var/www/html/wp-includes/plugin.php(476): WP_Hook->do_action()
#5 /var/www/html/wp-admin/admin.php(259): do_action()
#6 {main}
  thrown in /var/www/html/wp-content/plugins/test plugin/plugin.php on line 51

2022-07-07T10:44:54+00:00 CRITICAL syntax error, unexpected '<' in /var/www/html/wp-content/plugins/test plugin/plugin.php on line 17

2022-07-07T10:44:55+00:00 CRITICAL syntax error, unexpected '<' in /var/www/html/wp-content/plugins/test plugin/plugin.php on line 17

2022-07-07T10:44:56+00:00 CRITICAL syntax error, unexpected '<' in /var/www/html/wp-content/plugins/test plugin/plugin.php on line 17

2022-07-07T11:05:56+00:00 CRITICAL syntax error, unexpected '""' (T_CONSTANT_ENCAPSED_STRING), expecting ';' or ',' in /var/www/html/wp-content/plugins/test plugin/plugin.php on line 40

2022-07-07T11:05:58+00:00 CRITICAL syntax error, unexpected '""' (T_CONSTANT_ENCAPSED_STRING), expecting ';' or ',' in /var/www/html/wp-content/plugins/test plugin/plugin.php on line 40

2022-07-07T11:05:58+00:00 CRITICAL syntax error, unexpected '""' (T_CONSTANT_ENCAPSED_STRING), expecting ';' or ',' in /var/www/html/wp-content/plugins/test plugin/plugin.php on line 40

2022-07-07T12:17:52+00:00 CRITICAL syntax error, unexpected '"https://cdn.a1office.co/wp-co' (T_CONSTANT_ENCAPSED_STRING), expecting ')' in /var/www/html/wp-content/plugins/test plugin/plugin.php on line 27

2022-07-07T12:17:53+00:00 CRITICAL syntax error, unexpected '"https://cdn.a1office.co/wp-co' (T_CONSTANT_ENCAPSED_STRING), expecting ')' in /var/www/html/wp-content/plugins/test plugin/plugin.php on line 27

2022-07-07T12:17:53+00:00 CRITICAL syntax error, unexpected '"https://cdn.a1office.co/wp-co' (T_CONSTANT_ENCAPSED_STRING), expecting ')' in /var/www/html/wp-content/plugins/test plugin/plugin.php on line 27

