2022-07-05T05:20:42+00:00 CRITICAL syntax error, unexpected ';' in /var/www/html/wp-content/plugins/embed file/embed-file.php on line 14

2022-07-05T05:20:43+00:00 CRITICAL syntax error, unexpected ';' in /var/www/html/wp-content/plugins/embed file/embed-file.php on line 14

2022-07-05T05:20:43+00:00 CRITICAL syntax error, unexpected ';' in /var/www/html/wp-content/plugins/embed file/embed-file.php on line 14

2022-07-05T06:38:11+00:00 CRITICAL syntax error, unexpected 'include_once' (T_INCLUDE_ONCE), expecting function (T_FUNCTION) or const (T_CONST) in /var/www/html/wp-content/plugins/embed file/embed-file.php on line 58

2022-07-05T06:38:12+00:00 CRITICAL syntax error, unexpected 'include_once' (T_INCLUDE_ONCE), expecting function (T_FUNCTION) or const (T_CONST) in /var/www/html/wp-content/plugins/embed file/embed-file.php on line 58

2022-07-05T06:38:12+00:00 CRITICAL syntax error, unexpected 'include_once' (T_INCLUDE_ONCE), expecting function (T_FUNCTION) or const (T_CONST) in /var/www/html/wp-content/plugins/embed file/embed-file.php on line 58

2022-07-05T06:40:17+00:00 CRITICAL syntax error, unexpected 'T_include_once' (T_STRING), expecting function (T_FUNCTION) or const (T_CONST) in /var/www/html/wp-content/plugins/embed file/embed-file.php on line 58

2022-07-05T06:40:18+00:00 CRITICAL syntax error, unexpected 'T_include_once' (T_STRING), expecting function (T_FUNCTION) or const (T_CONST) in /var/www/html/wp-content/plugins/embed file/embed-file.php on line 58

2022-07-05T06:40:19+00:00 CRITICAL syntax error, unexpected 'T_include_once' (T_STRING), expecting function (T_FUNCTION) or const (T_CONST) in /var/www/html/wp-content/plugins/embed file/embed-file.php on line 58

2022-07-05T06:44:30+00:00 CRITICAL syntax error, unexpected 'T_INCLUDE_ONCE' (T_STRING), expecting function (T_FUNCTION) or const (T_CONST) in /var/www/html/wp-content/plugins/embed file/embed-file.php on line 58

2022-07-05T06:44:31+00:00 CRITICAL syntax error, unexpected 'T_INCLUDE_ONCE' (T_STRING), expecting function (T_FUNCTION) or const (T_CONST) in /var/www/html/wp-content/plugins/embed file/embed-file.php on line 58

2022-07-05T06:44:32+00:00 CRITICAL syntax error, unexpected 'T_INCLUDE_ONCE' (T_STRING), expecting function (T_FUNCTION) or const (T_CONST) in /var/www/html/wp-content/plugins/embed file/embed-file.php on line 58

2022-07-05T06:45:12+00:00 CRITICAL syntax error, unexpected 'T_FUNCTION' (T_STRING), expecting function (T_FUNCTION) or const (T_CONST) in /var/www/html/wp-content/plugins/embed file/embed-file.php on line 58

2022-07-05T06:45:13+00:00 CRITICAL syntax error, unexpected 'T_FUNCTION' (T_STRING), expecting function (T_FUNCTION) or const (T_CONST) in /var/www/html/wp-content/plugins/embed file/embed-file.php on line 58

2022-07-05T06:45:13+00:00 CRITICAL syntax error, unexpected 'T_FUNCTION' (T_STRING), expecting function (T_FUNCTION) or const (T_CONST) in /var/www/html/wp-content/plugins/embed file/embed-file.php on line 58

2022-07-05T09:36:39+00:00 CRITICAL Cannot redeclare loadMyBlockFiles() (previously declared in /var/www/html/wp-content/plugins/embed file/embed-file.php:15) in /var/www/html/wp-content/plugins/my-cool-border-box/plugin.php on line 9

2022-07-05T09:36:40+00:00 CRITICAL Cannot redeclare loadMyBlockFiles() (previously declared in /var/www/html/wp-content/plugins/embed file/embed-file.php:15) in /var/www/html/wp-content/plugins/my-cool-border-box/plugin.php on line 9

2022-07-05T09:36:40+00:00 CRITICAL Cannot redeclare loadMyBlockFiles() (previously declared in /var/www/html/wp-content/plugins/embed file/embed-file.php:15) in /var/www/html/wp-content/plugins/my-cool-border-box/plugin.php on line 9

2022-07-05T09:59:20+00:00 CRITICAL syntax error, unexpected ';' in /var/www/html/wp-content/plugins/embed file/embed-file.php on line 14

2022-07-05T09:59:21+00:00 CRITICAL syntax error, unexpected ';' in /var/www/html/wp-content/plugins/embed file/embed-file.php on line 14

2022-07-05T09:59:21+00:00 CRITICAL syntax error, unexpected ';' in /var/www/html/wp-content/plugins/embed file/embed-file.php on line 14

2022-07-05T10:02:38+00:00 CRITICAL syntax error, unexpected ';' in /var/www/html/wp-content/plugins/embed file/embed-file.php on line 17

2022-07-05T10:02:39+00:00 CRITICAL syntax error, unexpected ';' in /var/www/html/wp-content/plugins/embed file/embed-file.php on line 17

2022-07-05T10:02:40+00:00 CRITICAL syntax error, unexpected ';' in /var/www/html/wp-content/plugins/embed file/embed-file.php on line 17

2022-07-05T10:05:06+00:00 CRITICAL syntax error, unexpected ';' in /var/www/html/wp-content/plugins/embed file/embed-file.php on line 17

2022-07-05T10:05:07+00:00 CRITICAL syntax error, unexpected ';' in /var/www/html/wp-content/plugins/embed file/embed-file.php on line 17

2022-07-05T10:05:07+00:00 CRITICAL syntax error, unexpected ';' in /var/www/html/wp-content/plugins/embed file/embed-file.php on line 17

2022-07-05T10:05:44+00:00 CRITICAL syntax error, unexpected 'add_action' (T_STRING) in /var/www/html/wp-content/plugins/embed file/embed-file.php on line 20

2022-07-05T10:05:45+00:00 CRITICAL syntax error, unexpected 'add_action' (T_STRING) in /var/www/html/wp-content/plugins/embed file/embed-file.php on line 20

2022-07-05T10:05:45+00:00 CRITICAL syntax error, unexpected 'add_action' (T_STRING) in /var/www/html/wp-content/plugins/embed file/embed-file.php on line 20

2022-07-05T10:08:13+00:00 CRITICAL syntax error, unexpected '}' in /var/www/html/wp-content/plugins/embed file/embed-file.php on line 18

2022-07-05T10:08:14+00:00 CRITICAL syntax error, unexpected '}' in /var/www/html/wp-content/plugins/embed file/embed-file.php on line 18

2022-07-05T10:08:14+00:00 CRITICAL syntax error, unexpected '}' in /var/www/html/wp-content/plugins/embed file/embed-file.php on line 18

2022-07-05T10:32:26+00:00 CRITICAL syntax error, unexpected end of file in /var/www/html/wp-content/plugins/gutenberg-notice-block/plugin.php on line 37

2022-07-05T10:32:28+00:00 CRITICAL syntax error, unexpected end of file in /var/www/html/wp-content/plugins/gutenberg-notice-block/plugin.php on line 37

2022-07-05T10:32:28+00:00 CRITICAL syntax error, unexpected end of file in /var/www/html/wp-content/plugins/gutenberg-notice-block/plugin.php on line 37

2022-07-05T10:40:54+00:00 CRITICAL syntax error, unexpected end of file in /var/www/html/wp-content/plugins/gutenberg-notice-block/plugin.php on line 37

2022-07-05T10:40:56+00:00 CRITICAL syntax error, unexpected end of file in /var/www/html/wp-content/plugins/gutenberg-notice-block/plugin.php on line 37

2022-07-05T10:40:56+00:00 CRITICAL syntax error, unexpected end of file in /var/www/html/wp-content/plugins/gutenberg-notice-block/plugin.php on line 37

2022-07-05T10:47:37+00:00 CRITICAL syntax error, unexpected end of file in /var/www/html/wp-content/plugins/gutenberg-notice-block/plugin.php on line 37

2022-07-05T10:47:38+00:00 CRITICAL syntax error, unexpected end of file in /var/www/html/wp-content/plugins/gutenberg-notice-block/plugin.php on line 37

2022-07-05T10:47:38+00:00 CRITICAL syntax error, unexpected end of file in /var/www/html/wp-content/plugins/gutenberg-notice-block/plugin.php on line 37

