[INFO]-[2022/05/25 07:24:14] Cloning: 1653463454297's clone job's data is not in database, generating data
[INFO]-[2022/05/25 07:24:14] DB Copy: Creating table wpstg0_AnythingPopup
[INFO]-[2022/05/25 07:24:14] DB Copy: Table wpsa_AnythingPopup contains 1 rows 
[INFO]-[2022/05/25 07:24:14] DB Copy: Copy data from wpsa_AnythingPopup to wpstg0_AnythingPopup - 0 to 10000 records
[INFO]-[2022/05/25 07:24:14] DB Copy: Creating table wpstg0_actionscheduler_actions
[INFO]-[2022/05/25 07:24:15] DB Copy: Table wpsa_actionscheduler_actions contains 9 rows 
[INFO]-[2022/05/25 07:24:15] DB Copy: Copy data from wpsa_actionscheduler_actions to wpstg0_actionscheduler_actions - 0 to 10000 records
[INFO]-[2022/05/25 07:24:15] DB Copy: Creating table wpstg0_actionscheduler_claims
[INFO]-[2022/05/25 07:24:15] DB Copy: Table wpsa_actionscheduler_claims contains 0 rows 
[INFO]-[2022/05/25 07:24:15] DB Copy: Creating table wpstg0_actionscheduler_groups
[INFO]-[2022/05/25 07:24:15] DB Copy: Table wpsa_actionscheduler_groups contains 3 rows 
[INFO]-[2022/05/25 07:24:15] DB Copy: Copy data from wpsa_actionscheduler_groups to wpstg0_actionscheduler_groups - 0 to 10000 records
[INFO]-[2022/05/25 07:24:15] DB Copy: Creating table wpstg0_actionscheduler_logs
[INFO]-[2022/05/25 07:24:16] DB Copy: Table wpsa_actionscheduler_logs contains 23 rows 
[INFO]-[2022/05/25 07:24:16] DB Copy: Copy data from wpsa_actionscheduler_logs to wpstg0_actionscheduler_logs - 0 to 10000 records
[INFO]-[2022/05/25 07:24:16] DB Copy: Creating table wpstg0_as3cf_items
[INFO]-[2022/05/25 07:24:16] DB Copy: Table wpsa_as3cf_items contains 8 rows 
[INFO]-[2022/05/25 07:24:16] DB Copy: Copy data from wpsa_as3cf_items to wpstg0_as3cf_items - 0 to 10000 records
[INFO]-[2022/05/25 07:24:16] DB Copy: Creating table wpstg0_commentmeta
[INFO]-[2022/05/25 07:24:16] DB Copy: Table wpsa_commentmeta contains 0 rows 
[INFO]-[2022/05/25 07:24:17] DB Copy: Creating table wpstg0_comments
[INFO]-[2022/05/25 07:24:17] DB Copy: Table wpsa_comments contains 8 rows 
[INFO]-[2022/05/25 07:24:17] DB Copy: Copy data from wpsa_comments to wpstg0_comments - 0 to 10000 records
[INFO]-[2022/05/25 07:24:17] DB Copy: Creating table wpstg0_e_events
[INFO]-[2022/05/25 07:24:17] DB Copy: Table wpsa_e_events contains 0 rows 
[INFO]-[2022/05/25 07:24:17] DB Copy: Creating table wpstg0_links
[INFO]-[2022/05/25 07:24:17] DB Copy: Table wpsa_links contains 0 rows 
[INFO]-[2022/05/25 07:24:18] DB Copy: Creating table wpstg0_litespeed_url
[INFO]-[2022/05/25 07:24:18] DB Copy: Table wpsa_litespeed_url contains 18 rows 
[INFO]-[2022/05/25 07:24:18] DB Copy: Copy data from wpsa_litespeed_url to wpstg0_litespeed_url - 0 to 10000 records
[INFO]-[2022/05/25 07:24:18] DB Copy: Creating table wpstg0_litespeed_url_file
[INFO]-[2022/05/25 07:24:18] DB Copy: Table wpsa_litespeed_url_file contains 0 rows 
[INFO]-[2022/05/25 07:24:18] DB Copy: Creating table wpstg0_loginizer_logs
[INFO]-[2022/05/25 07:24:18] DB Copy: Table wpsa_loginizer_logs contains 5 rows 
[INFO]-[2022/05/25 07:24:18] DB Copy: Copy data from wpsa_loginizer_logs to wpstg0_loginizer_logs - 0 to 10000 records
[INFO]-[2022/05/25 07:24:19] DB Copy: Creating table wpstg0_mcloud_post_map
[INFO]-[2022/05/25 07:24:19] DB Copy: Table wpsa_mcloud_post_map contains 1 rows 
[INFO]-[2022/05/25 07:24:19] DB Copy: Copy data from wpsa_mcloud_post_map to wpstg0_mcloud_post_map - 0 to 10000 records
[INFO]-[2022/05/25 07:24:19] DB Copy: Creating table wpstg0_mcloud_task
[INFO]-[2022/05/25 07:24:19] DB Copy: Table wpsa_mcloud_task contains 0 rows 
[INFO]-[2022/05/25 07:24:19] DB Copy: Creating table wpstg0_mcloud_task_data
[INFO]-[2022/05/25 07:24:19] DB Copy: Table wpsa_mcloud_task_data contains 0 rows 
[INFO]-[2022/05/25 07:24:20] DB Copy: Creating table wpstg0_mcloud_task_schedule
[INFO]-[2022/05/25 07:24:20] DB Copy: Table wpsa_mcloud_task_schedule contains 0 rows 
[INFO]-[2022/05/25 07:24:20] DB Copy: Creating table wpstg0_mcloud_task_token
[INFO]-[2022/05/25 07:24:20] DB Copy: Table wpsa_mcloud_task_token contains 0 rows 
[INFO]-[2022/05/25 07:24:20] DB Copy: Creating table wpstg0_options
[INFO]-[2022/05/25 07:24:20] DB Copy: Table wpsa_options contains 788 rows 
[INFO]-[2022/05/25 07:24:20] DB Copy: Copy data from wpsa_options to wpstg0_options - 0 to 10000 records
[INFO]-[2022/05/25 07:24:21] DB Copy: Creating table wpstg0_postmeta
[INFO]-[2022/05/25 07:24:21] DB Copy: Table wpsa_postmeta contains 8841 rows 
[INFO]-[2022/05/25 07:24:21] DB Copy: Copy data from wpsa_postmeta to wpstg0_postmeta - 0 to 10000 records
[INFO]-[2022/05/25 07:24:22] DB Copy: Creating table wpstg0_posts
[INFO]-[2022/05/25 07:24:22] DB Copy: Table wpsa_posts contains 627 rows 
[INFO]-[2022/05/25 07:24:22] DB Copy: Copy data from wpsa_posts to wpstg0_posts - 0 to 10000 records
[INFO]-[2022/05/25 07:24:23] DB Copy: Creating table wpstg0_rank_math_analytics_objects
[INFO]-[2022/05/25 07:24:23] DB Copy: Table wpsa_rank_math_analytics_objects contains 35 rows 
[INFO]-[2022/05/25 07:24:23] DB Copy: Copy data from wpsa_rank_math_analytics_objects to wpstg0_rank_math_analytics_objects - 0 to 10000 records
[INFO]-[2022/05/25 07:24:23] DB Copy: Creating table wpstg0_rank_math_internal_links
[INFO]-[2022/05/25 07:24:23] DB Copy: Table wpsa_rank_math_internal_links contains 270 rows 
[INFO]-[2022/05/25 07:24:23] DB Copy: Copy data from wpsa_rank_math_internal_links to wpstg0_rank_math_internal_links - 0 to 10000 records
[INFO]-[2022/05/25 07:24:23] DB Copy: Creating table wpstg0_rank_math_internal_meta
[INFO]-[2022/05/25 07:24:24] DB Copy: Table wpsa_rank_math_internal_meta contains 48 rows 
[INFO]-[2022/05/25 07:24:24] DB Copy: Copy data from wpsa_rank_math_internal_meta to wpstg0_rank_math_internal_meta - 0 to 10000 records
[INFO]-[2022/05/25 07:24:24] DB Copy: Creating table wpstg0_sgpb_subscribers
[INFO]-[2022/05/25 07:24:24] DB Copy: Table wpsa_sgpb_subscribers contains 0 rows 
[INFO]-[2022/05/25 07:24:24] DB Copy: Creating table wpstg0_sgpb_subscription_error_log
[INFO]-[2022/05/25 07:24:24] DB Copy: Table wpsa_sgpb_subscription_error_log contains 0 rows 
[INFO]-[2022/05/25 07:24:25] DB Copy: Creating table wpstg0_smush_dir_images
[INFO]-[2022/05/25 07:24:25] DB Copy: Table wpsa_smush_dir_images contains 0 rows 
[INFO]-[2022/05/25 07:24:25] DB Copy: Creating table wpstg0_term_relationships
[INFO]-[2022/05/25 07:24:25] DB Copy: Table wpsa_term_relationships contains 67 rows 
[INFO]-[2022/05/25 07:24:25] DB Copy: Copy data from wpsa_term_relationships to wpstg0_term_relationships - 0 to 10000 records
[INFO]-[2022/05/25 07:24:25] DB Copy: Creating table wpstg0_term_taxonomy
[INFO]-[2022/05/25 07:24:25] DB Copy: Table wpsa_term_taxonomy contains 22 rows 
[INFO]-[2022/05/25 07:24:25] DB Copy: Copy data from wpsa_term_taxonomy to wpstg0_term_taxonomy - 0 to 10000 records
[INFO]-[2022/05/25 07:24:26] DB Copy: Creating table wpstg0_termmeta
[INFO]-[2022/05/25 07:24:26] DB Copy: Table wpsa_termmeta contains 1 rows 
[INFO]-[2022/05/25 07:24:26] DB Copy: Copy data from wpsa_termmeta to wpstg0_termmeta - 0 to 10000 records
[INFO]-[2022/05/25 07:24:26] DB Copy: Creating table wpstg0_terms
[INFO]-[2022/05/25 07:24:26] DB Copy: Table wpsa_terms contains 22 rows 
[INFO]-[2022/05/25 07:24:26] DB Copy: Copy data from wpsa_terms to wpstg0_terms - 0 to 10000 records
[INFO]-[2022/05/25 07:24:26] DB Copy: Creating table wpstg0_tm_taskmeta
[INFO]-[2022/05/25 07:24:26] DB Copy: Table wpsa_tm_taskmeta contains 0 rows 
[INFO]-[2022/05/25 07:24:27] DB Copy: Creating table wpstg0_tm_tasks
[INFO]-[2022/05/25 07:24:27] DB Copy: Table wpsa_tm_tasks contains 0 rows 
[INFO]-[2022/05/25 07:24:27] DB Copy: Creating table wpstg0_usermeta
[INFO]-[2022/05/25 07:24:27] DB Copy: Table wpsa_usermeta contains 223 rows 
[INFO]-[2022/05/25 07:24:27] DB Copy: Copy data from wpsa_usermeta to wpstg0_usermeta - 0 to 10000 records
[INFO]-[2022/05/25 07:24:27] DB Copy: Creating table wpstg0_users
[INFO]-[2022/05/25 07:24:27] DB Copy: Table wpsa_users contains 5 rows 
[INFO]-[2022/05/25 07:24:27] DB Copy: Copy data from wpsa_users to wpstg0_users - 0 to 10000 records
[INFO]-[2022/05/25 07:24:28] DB Copy: Creating table wpstg0_ux_crypto
[INFO]-[2022/05/25 07:24:28] DB Copy: Table wpsa_ux_crypto contains 2000 rows 
[INFO]-[2022/05/25 07:24:28] DB Copy: Copy data from wpsa_ux_crypto to wpstg0_ux_crypto - 0 to 10000 records
[INFO]-[2022/05/25 07:24:28] DB Copy: Creating table wpstg0_wpvivid_scan_result
[INFO]-[2022/05/25 07:24:28] DB Copy: Table wpsa_wpvivid_scan_result contains 0 rows 
[INFO]-[2022/05/25 07:24:29] DB Copy: Creating table wpstg0_wpvivid_unused_uploads_files
[INFO]-[2022/05/25 07:24:29] DB Copy: Table wpsa_wpvivid_unused_uploads_files contains 0 rows 
[INFO]-[2022/05/25 07:24:30] DB Search & Replace:  Table wpstg0_AnythingPopup 0 to 20000 records
[INFO]-[2022/05/25 07:24:30] DB Search & Replace:  Table wpstg0_actionscheduler_actions 0 to 20000 records
[INFO]-[2022/05/25 07:24:31] DB Search & Replace:  Table wpstg0_actionscheduler_groups 0 to 20000 records
[INFO]-[2022/05/25 07:24:31] DB Search & Replace:  Table wpstg0_actionscheduler_logs 0 to 20000 records
[INFO]-[2022/05/25 07:24:31] DB Search & Replace:  Table wpstg0_as3cf_items 0 to 20000 records
[INFO]-[2022/05/25 07:24:32] DB Search & Replace:  Table wpstg0_comments 0 to 20000 records
[INFO]-[2022/05/25 07:24:33] DB Search & Replace:  Table wpstg0_litespeed_url 0 to 20000 records
[INFO]-[2022/05/25 07:24:34] DB Search & Replace:  Table wpstg0_loginizer_logs 0 to 20000 records
[INFO]-[2022/05/25 07:24:34] DB Search & Replace:  Table wpstg0_mcloud_post_map 0 to 20000 records
[INFO]-[2022/05/25 07:24:35] DB Search & Replace:  Table wpstg0_options 0 to 20000 records
[INFO]-[2022/05/25 07:24:36] DB Search & Replace:  Table wpstg0_postmeta 0 to 20000 records
[INFO]-[2022/05/25 07:24:37] DB Search & Replace:  Table wpstg0_posts 0 to 20000 records
[INFO]-[2022/05/25 07:24:39] DB Search & Replace:  Table wpstg0_rank_math_analytics_objects 0 to 20000 records
[INFO]-[2022/05/25 07:24:39] DB Search & Replace:  Table wpstg0_rank_math_internal_links 0 to 20000 records
[INFO]-[2022/05/25 07:24:40] DB Search & Replace:  Table wpstg0_rank_math_internal_meta 0 to 20000 records
[INFO]-[2022/05/25 07:24:41] DB Search & Replace:  Table wpstg0_term_relationships 0 to 20000 records
[INFO]-[2022/05/25 07:24:41] DB Search & Replace:  Table wpstg0_term_taxonomy 0 to 20000 records
[INFO]-[2022/05/25 07:24:42] DB Search & Replace:  Table wpstg0_termmeta 0 to 20000 records
[INFO]-[2022/05/25 07:24:42] DB Search & Replace:  Table wpstg0_terms 0 to 20000 records
[INFO]-[2022/05/25 07:24:43] DB Search & Replace:  Table wpstg0_usermeta 0 to 20000 records
[INFO]-[2022/05/25 07:24:43] DB Search & Replace:  Table wpstg0_users 0 to 20000 records
[INFO]-[2022/05/25 07:24:44] DB Search & Replace:  Table wpstg0_ux_crypto 0 to 20000 records
[INFO]-[2022/05/25 07:24:45] Scanning / for its files
[INFO]-[2022/05/25 07:24:46] Scanning wp-content/plugins/ and its sub-directories and files
[INFO]-[2022/05/25 07:24:46] Scanning wp-content/mu-plugins/ and its sub-directories and files
[INFO]-[2022/05/25 07:24:47] Scanning wp-content/themes/ and its sub-directories and files
[INFO]-[2022/05/25 07:24:47] Scanning wp-content/uploads/ and its sub-directories and files
[INFO]-[2022/05/25 07:24:47] Scanning wp-content/ for other directories and files
[INFO]-[2022/05/25 07:24:48] Scanning wp-includes/ for its sub-directories and files
[INFO]-[2022/05/25 07:24:48] Scanning wp-admin/ for its sub-directories and files
[INFO]-[2022/05/25 07:24:49] Copying files...
[INFO]-[2022/05/25 07:24:49] Total 50 files processed
[INFO]-[2022/05/25 07:24:50] Total 100 files processed
[INFO]-[2022/05/25 07:24:50] Total 150 files processed
[INFO]-[2022/05/25 07:24:50] Total 200 files processed
[INFO]-[2022/05/25 07:24:51] Total 250 files processed
[INFO]-[2022/05/25 07:24:51] Total 300 files processed
[INFO]-[2022/05/25 07:24:51] Total 350 files processed
[INFO]-[2022/05/25 07:24:52] Total 400 files processed
[INFO]-[2022/05/25 07:24:52] Total 450 files processed
[INFO]-[2022/05/25 07:24:52] Total 500 files processed
[INFO]-[2022/05/25 07:24:53] Total 550 files processed
[INFO]-[2022/05/25 07:24:53] Total 600 files processed
[INFO]-[2022/05/25 07:24:53] Total 650 files processed
[INFO]-[2022/05/25 07:24:54] Total 700 files processed
[INFO]-[2022/05/25 07:24:54] Total 750 files processed
[INFO]-[2022/05/25 07:24:54] Total 800 files processed
[INFO]-[2022/05/25 07:24:55] Total 850 files processed
[INFO]-[2022/05/25 07:24:55] Total 900 files processed
[INFO]-[2022/05/25 07:24:55] Total 950 files processed
[INFO]-[2022/05/25 07:24:56] Total 1000 files processed
[INFO]-[2022/05/25 07:24:56] Total 1050 files processed
[INFO]-[2022/05/25 07:24:56] Total 1100 files processed
[INFO]-[2022/05/25 07:24:57] Total 1150 files processed
[INFO]-[2022/05/25 07:24:57] Total 1200 files processed
[INFO]-[2022/05/25 07:24:57] Total 1250 files processed
[INFO]-[2022/05/25 07:24:58] Total 1300 files processed
[INFO]-[2022/05/25 07:24:58] Total 1350 files processed
[INFO]-[2022/05/25 07:24:58] Total 1400 files processed
[INFO]-[2022/05/25 07:24:59] Total 1450 files processed
[INFO]-[2022/05/25 07:24:59] Total 1500 files processed
[INFO]-[2022/05/25 07:24:59] Total 1550 files processed
[INFO]-[2022/05/25 07:25:00] Total 1600 files processed
[INFO]-[2022/05/25 07:25:00] Total 1650 files processed
[INFO]-[2022/05/25 07:25:01] Total 1700 files processed
[INFO]-[2022/05/25 07:25:01] Total 1750 files processed
[INFO]-[2022/05/25 07:25:01] Total 1800 files processed
[INFO]-[2022/05/25 07:25:02] Total 1850 files processed
[INFO]-[2022/05/25 07:25:02] Total 1900 files processed
[INFO]-[2022/05/25 07:25:02] Total 1950 files processed
[INFO]-[2022/05/25 07:25:03] Total 2000 files processed
[INFO]-[2022/05/25 07:25:03] Total 2050 files processed
[INFO]-[2022/05/25 07:25:03] Total 2100 files processed
[INFO]-[2022/05/25 07:25:04] Total 2150 files processed
[INFO]-[2022/05/25 07:25:04] Total 2200 files processed
[INFO]-[2022/05/25 07:25:04] Total 2250 files processed
[INFO]-[2022/05/25 07:25:05] Total 2300 files processed
[INFO]-[2022/05/25 07:25:05] Total 2350 files processed
[INFO]-[2022/05/25 07:25:05] Total 2400 files processed
[INFO]-[2022/05/25 07:25:06] Total 2450 files processed
[INFO]-[2022/05/25 07:25:06] Total 2500 files processed
[INFO]-[2022/05/25 07:25:06] Total 2550 files processed
[INFO]-[2022/05/25 07:25:07] Total 2600 files processed
[INFO]-[2022/05/25 07:25:07] Total 2650 files processed
[INFO]-[2022/05/25 07:25:07] Total 2700 files processed
[INFO]-[2022/05/25 07:25:08] Total 2750 files processed
[INFO]-[2022/05/25 07:25:08] Total 2800 files processed
[INFO]-[2022/05/25 07:25:08] Total 2850 files processed
[INFO]-[2022/05/25 07:25:09] Total 2900 files processed
[INFO]-[2022/05/25 07:25:09] Total 2950 files processed
[INFO]-[2022/05/25 07:25:09] Total 3000 files processed
[INFO]-[2022/05/25 07:25:10] Total 3050 files processed
[INFO]-[2022/05/25 07:25:10] Total 3100 files processed
[INFO]-[2022/05/25 07:25:10] Total 3150 files processed
[INFO]-[2022/05/25 07:25:11] Total 3200 files processed
[INFO]-[2022/05/25 07:25:11] Total 3250 files processed
[INFO]-[2022/05/25 07:25:11] Total 3300 files processed
[INFO]-[2022/05/25 07:25:12] Total 3350 files processed
[INFO]-[2022/05/25 07:25:12] Total 3400 files processed
[INFO]-[2022/05/25 07:25:12] Total 3450 files processed
[INFO]-[2022/05/25 07:25:13] Total 3500 files processed
[INFO]-[2022/05/25 07:25:13] Total 3550 files processed
[INFO]-[2022/05/25 07:25:13] Total 3600 files processed
[INFO]-[2022/05/25 07:25:14] Total 3650 files processed
[INFO]-[2022/05/25 07:25:14] Total 3700 files processed
[INFO]-[2022/05/25 07:25:14] Total 3750 files processed
[INFO]-[2022/05/25 07:25:15] Total 3800 files processed
[INFO]-[2022/05/25 07:25:15] Total 3850 files processed
[INFO]-[2022/05/25 07:25:15] Total 3900 files processed
[INFO]-[2022/05/25 07:25:16] Total 3950 files processed
[INFO]-[2022/05/25 07:25:16] Total 4000 files processed
[INFO]-[2022/05/25 07:25:16] Total 4050 files processed
[INFO]-[2022/05/25 07:25:17] Total 4100 files processed
[INFO]-[2022/05/25 07:25:17] Total 4150 files processed
[INFO]-[2022/05/25 07:25:17] Total 4200 files processed
[INFO]-[2022/05/25 07:25:18] Total 4250 files processed
[INFO]-[2022/05/25 07:25:18] Total 4300 files processed
[INFO]-[2022/05/25 07:25:18] Total 4350 files processed
[INFO]-[2022/05/25 07:25:19] Total 4400 files processed
[INFO]-[2022/05/25 07:25:19] Total 4450 files processed
[INFO]-[2022/05/25 07:25:19] Total 4500 files processed
[INFO]-[2022/05/25 07:25:20] Total 4550 files processed
[INFO]-[2022/05/25 07:25:20] Total 4600 files processed
[INFO]-[2022/05/25 07:25:20] Total 4650 files processed
[INFO]-[2022/05/25 07:25:21] Total 4700 files processed
[INFO]-[2022/05/25 07:25:21] Total 4750 files processed
[INFO]-[2022/05/25 07:25:21] Total 4800 files processed
[INFO]-[2022/05/25 07:25:22] Total 4850 files processed
[INFO]-[2022/05/25 07:25:22] Total 4900 files processed
[INFO]-[2022/05/25 07:25:22] Total 4950 files processed
[INFO]-[2022/05/25 07:25:23] Total 5000 files processed
[INFO]-[2022/05/25 07:25:23] Total 5050 files processed
[INFO]-[2022/05/25 07:25:23] Total 5100 files processed
[INFO]-[2022/05/25 07:25:24] Total 5150 files processed
[INFO]-[2022/05/25 07:25:24] Total 5200 files processed
[INFO]-[2022/05/25 07:25:24] Total 5250 files processed
[INFO]-[2022/05/25 07:25:25] Total 5300 files processed
[INFO]-[2022/05/25 07:25:25] Total 5350 files processed
[INFO]-[2022/05/25 07:25:25] Total 5400 files processed
[INFO]-[2022/05/25 07:25:26] Total 5450 files processed
[INFO]-[2022/05/25 07:25:26] Total 5500 files processed
[INFO]-[2022/05/25 07:25:26] Total 5550 files processed
[INFO]-[2022/05/25 07:25:27] Total 5600 files processed
[INFO]-[2022/05/25 07:25:27] Total 5650 files processed
[INFO]-[2022/05/25 07:25:27] Total 5700 files processed
[INFO]-[2022/05/25 07:25:28] Total 5750 files processed
[INFO]-[2022/05/25 07:25:28] Total 5800 files processed
[INFO]-[2022/05/25 07:25:28] Total 5850 files processed
[INFO]-[2022/05/25 07:25:29] Total 5900 files processed
[INFO]-[2022/05/25 07:25:29] Total 5950 files processed
[INFO]-[2022/05/25 07:25:29] Total 6000 files processed
[INFO]-[2022/05/25 07:25:30] Total 6050 files processed
[INFO]-[2022/05/25 07:25:30] Total 6100 files processed
[INFO]-[2022/05/25 07:25:30] Total 6150 files processed
[INFO]-[2022/05/25 07:25:31] Total 6200 files processed
[INFO]-[2022/05/25 07:25:31] Total 6250 files processed
[INFO]-[2022/05/25 07:25:31] Total 6300 files processed
[INFO]-[2022/05/25 07:25:32] Total 6350 files processed
[INFO]-[2022/05/25 07:25:32] Total 6400 files processed
[INFO]-[2022/05/25 07:25:32] Total 6450 files processed
[INFO]-[2022/05/25 07:25:33] Total 6500 files processed
[INFO]-[2022/05/25 07:25:33] Total 6550 files processed
[INFO]-[2022/05/25 07:25:33] Total 6600 files processed
[INFO]-[2022/05/25 07:25:34] Total 6650 files processed
[INFO]-[2022/05/25 07:25:34] Total 6700 files processed
[INFO]-[2022/05/25 07:25:34] Total 6750 files processed
[INFO]-[2022/05/25 07:25:35] Total 6800 files processed
[INFO]-[2022/05/25 07:25:35] Total 6850 files processed
[INFO]-[2022/05/25 07:25:36] Total 6900 files processed
[INFO]-[2022/05/25 07:25:36] Total 6950 files processed
[INFO]-[2022/05/25 07:25:36] Total 7000 files processed
[INFO]-[2022/05/25 07:25:37] Total 7050 files processed
[INFO]-[2022/05/25 07:25:37] Total 7100 files processed
[INFO]-[2022/05/25 07:25:37] Total 7150 files processed
[INFO]-[2022/05/25 07:25:38] Total 7200 files processed
[INFO]-[2022/05/25 07:25:38] Total 7250 files processed
[INFO]-[2022/05/25 07:25:38] Total 7300 files processed
[INFO]-[2022/05/25 07:25:38] Total 7350 files processed
[INFO]-[2022/05/25 07:25:39] Total 7400 files processed
[INFO]-[2022/05/25 07:25:39] Total 7450 files processed
[INFO]-[2022/05/25 07:25:39] Total 7500 files processed
[INFO]-[2022/05/25 07:25:40] Total 7550 files processed
[INFO]-[2022/05/25 07:25:40] Total 7600 files processed
[INFO]-[2022/05/25 07:25:40] Total 7650 files processed
[INFO]-[2022/05/25 07:25:41] Total 7700 files processed
[INFO]-[2022/05/25 07:25:41] Total 7750 files processed
[INFO]-[2022/05/25 07:25:41] Total 7800 files processed
[INFO]-[2022/05/25 07:25:42] Total 7850 files processed
[INFO]-[2022/05/25 07:25:42] Total 7900 files processed
[INFO]-[2022/05/25 07:25:42] Total 7950 files processed
[INFO]-[2022/05/25 07:25:43] Total 8000 files processed
[INFO]-[2022/05/25 07:25:43] Total 8050 files processed
[INFO]-[2022/05/25 07:25:43] Total 8100 files processed
[INFO]-[2022/05/25 07:25:44] Total 8150 files processed
[INFO]-[2022/05/25 07:25:44] Total 8200 files processed
[INFO]-[2022/05/25 07:25:44] Total 8250 files processed
[INFO]-[2022/05/25 07:25:45] Total 8300 files processed
[INFO]-[2022/05/25 07:25:45] Total 8350 files processed
[INFO]-[2022/05/25 07:25:45] Total 8400 files processed
[INFO]-[2022/05/25 07:25:46] Total 8450 files processed
[INFO]-[2022/05/25 07:25:46] Total 8500 files processed
[INFO]-[2022/05/25 07:25:46] Total 8550 files processed
[INFO]-[2022/05/25 07:25:47] Total 8600 files processed
[INFO]-[2022/05/25 07:25:47] Total 8650 files processed
[INFO]-[2022/05/25 07:25:47] Total 8700 files processed
[INFO]-[2022/05/25 07:25:48] Total 8750 files processed
[INFO]-[2022/05/25 07:25:48] Total 8800 files processed
[INFO]-[2022/05/25 07:25:48] Total 8850 files processed
[INFO]-[2022/05/25 07:25:49] Total 8900 files processed
[INFO]-[2022/05/25 07:25:49] Total 8950 files processed
[INFO]-[2022/05/25 07:25:49] Total 9000 files processed
[INFO]-[2022/05/25 07:25:50] Total 9050 files processed
[INFO]-[2022/05/25 07:25:50] Total 9100 files processed
[INFO]-[2022/05/25 07:25:50] Total 9150 files processed
[INFO]-[2022/05/25 07:25:51] Total 9200 files processed
[INFO]-[2022/05/25 07:25:51] Total 9250 files processed
[INFO]-[2022/05/25 07:25:51] Total 9300 files processed
[INFO]-[2022/05/25 07:25:52] Total 9350 files processed
[INFO]-[2022/05/25 07:25:52] Total 9400 files processed
[INFO]-[2022/05/25 07:25:52] Total 9450 files processed
[INFO]-[2022/05/25 07:25:53] Total 9500 files processed
[INFO]-[2022/05/25 07:25:53] Total 9550 files processed
[INFO]-[2022/05/25 07:25:53] Total 9600 files processed
[INFO]-[2022/05/25 07:25:54] Total 9650 files processed
[INFO]-[2022/05/25 07:25:54] Total 9700 files processed
[INFO]-[2022/05/25 07:25:54] Total 9750 files processed
[INFO]-[2022/05/25 07:25:55] Total 9800 files processed
[INFO]-[2022/05/25 07:25:55] Total 9850 files processed
[INFO]-[2022/05/25 07:25:55] Total 9900 files processed
[INFO]-[2022/05/25 07:25:56] Total 9950 files processed
[INFO]-[2022/05/25 07:25:56] Total 10000 files processed
[INFO]-[2022/05/25 07:25:56] Total 10050 files processed
[INFO]-[2022/05/25 07:25:57] Total 10100 files processed
[INFO]-[2022/05/25 07:25:57] Total 10150 files processed
[INFO]-[2022/05/25 07:25:57] Total 10200 files processed
[INFO]-[2022/05/25 07:25:58] Total 10250 files processed
[INFO]-[2022/05/25 07:25:58] Total 10300 files processed
[INFO]-[2022/05/25 07:25:58] Total 10350 files processed
[INFO]-[2022/05/25 07:25:59] Total 10400 files processed
[INFO]-[2022/05/25 07:25:59] Total 10450 files processed
[INFO]-[2022/05/25 07:25:59] Total 10500 files processed
[INFO]-[2022/05/25 07:26:00] Total 10550 files processed
[INFO]-[2022/05/25 07:26:00] Total 10600 files processed
[INFO]-[2022/05/25 07:26:01] Total 10650 files processed
[INFO]-[2022/05/25 07:26:01] Total 10700 files processed
[INFO]-[2022/05/25 07:26:01] Total 10750 files processed
[INFO]-[2022/05/25 07:26:02] Total 10800 files processed
[INFO]-[2022/05/25 07:26:02] Total 10850 files processed
[INFO]-[2022/05/25 07:26:02] Total 10900 files processed
[INFO]-[2022/05/25 07:26:03] Total 10950 files processed
[INFO]-[2022/05/25 07:26:03] Total 11000 files processed
[INFO]-[2022/05/25 07:26:03] Total 11050 files processed
[INFO]-[2022/05/25 07:26:04] Total 11100 files processed
[INFO]-[2022/05/25 07:26:04] Total 11150 files processed
[INFO]-[2022/05/25 07:26:04] Total 11200 files processed
[INFO]-[2022/05/25 07:26:05] Total 11250 files processed
[INFO]-[2022/05/25 07:26:05] Total 11300 files processed
[INFO]-[2022/05/25 07:26:05] Total 11350 files processed
[INFO]-[2022/05/25 07:26:06] Total 11400 files processed
[INFO]-[2022/05/25 07:26:06] Total 11450 files processed
[INFO]-[2022/05/25 07:26:06] Total 11500 files processed
[INFO]-[2022/05/25 07:26:07] Total 11550 files processed
[INFO]-[2022/05/25 07:26:07] Total 11600 files processed
[INFO]-[2022/05/25 07:26:07] Total 11650 files processed
[INFO]-[2022/05/25 07:26:08] Total 11700 files processed
[INFO]-[2022/05/25 07:26:08] Total 11750 files processed
[INFO]-[2022/05/25 07:26:08] Total 11800 files processed
[INFO]-[2022/05/25 07:26:09] Total 11850 files processed
[INFO]-[2022/05/25 07:26:09] Total 11900 files processed
[INFO]-[2022/05/25 07:26:09] Total 11950 files processed
[INFO]-[2022/05/25 07:26:10] Total 12000 files processed
[INFO]-[2022/05/25 07:26:10] Total 12050 files processed
[INFO]-[2022/05/25 07:26:10] Total 12100 files processed
[INFO]-[2022/05/25 07:26:11] Total 12150 files processed
[INFO]-[2022/05/25 07:26:11] Total 12200 files processed
[INFO]-[2022/05/25 07:26:11] Total 12250 files processed
[INFO]-[2022/05/25 07:26:12] Total 12300 files processed
[INFO]-[2022/05/25 07:26:12] Total 12350 files processed
[INFO]-[2022/05/25 07:26:13] Total 12400 files processed
[INFO]-[2022/05/25 07:26:13] Total 12450 files processed
[INFO]-[2022/05/25 07:26:13] Total 12500 files processed
[INFO]-[2022/05/25 07:26:14] Total 12550 files processed
[INFO]-[2022/05/25 07:26:14] Total 12600 files processed
[INFO]-[2022/05/25 07:26:14] Total 12650 files processed
[INFO]-[2022/05/25 07:26:15] Total 12700 files processed
[INFO]-[2022/05/25 07:26:15] Total 12750 files processed
[INFO]-[2022/05/25 07:26:15] Total 12800 files processed
[INFO]-[2022/05/25 07:26:16] Total 12850 files processed
[INFO]-[2022/05/25 07:26:16] Total 12900 files processed
[INFO]-[2022/05/25 07:26:16] Total 12950 files processed
[INFO]-[2022/05/25 07:26:16] Total 13000 files processed
[INFO]-[2022/05/25 07:26:17] Total 13050 files processed
[INFO]-[2022/05/25 07:26:17] Total 13100 files processed
[INFO]-[2022/05/25 07:26:17] Total 13150 files processed
[INFO]-[2022/05/25 07:26:18] Total 13200 files processed
[INFO]-[2022/05/25 07:26:18] Total 13250 files processed
[INFO]-[2022/05/25 07:26:19] Total 13300 files processed
[INFO]-[2022/05/25 07:26:19] Total 13350 files processed
[INFO]-[2022/05/25 07:26:19] Total 13400 files processed
[INFO]-[2022/05/25 07:26:20] Total 13450 files processed
[INFO]-[2022/05/25 07:26:20] Total 13500 files processed
[INFO]-[2022/05/25 07:26:20] Total 13550 files processed
[INFO]-[2022/05/25 07:26:21] Total 13600 files processed
[INFO]-[2022/05/25 07:26:21] Total 13650 files processed
[INFO]-[2022/05/25 07:26:21] Total 13700 files processed
[INFO]-[2022/05/25 07:26:22] Total 13750 files processed
[INFO]-[2022/05/25 07:26:22] Total 13800 files processed
[INFO]-[2022/05/25 07:26:22] Total 13850 files processed
[INFO]-[2022/05/25 07:26:23] Total 13900 files processed
[INFO]-[2022/05/25 07:26:23] Total 13950 files processed
[INFO]-[2022/05/25 07:26:23] Total 14000 files processed
[INFO]-[2022/05/25 07:26:24] Total 14050 files processed
[INFO]-[2022/05/25 07:26:24] Total 14100 files processed
[INFO]-[2022/05/25 07:26:24] Total 14150 files processed
[INFO]-[2022/05/25 07:26:25] Total 14200 files processed
[INFO]-[2022/05/25 07:26:25] Total 14250 files processed
[INFO]-[2022/05/25 07:26:25] Total 14300 files processed
[INFO]-[2022/05/25 07:26:26] Total 14350 files processed
[INFO]-[2022/05/25 07:26:26] Total 14400 files processed
[INFO]-[2022/05/25 07:26:26] Total 14450 files processed
[INFO]-[2022/05/25 07:26:27] Total 14500 files processed
[INFO]-[2022/05/25 07:26:27] Total 14550 files processed
[INFO]-[2022/05/25 07:26:27] Total 14600 files processed
[INFO]-[2022/05/25 07:26:28] Total 14650 files processed
[INFO]-[2022/05/25 07:26:28] Total 14700 files processed
[INFO]-[2022/05/25 07:26:28] Total 14750 files processed
[INFO]-[2022/05/25 07:26:29] Total 14800 files processed
[INFO]-[2022/05/25 07:26:29] Total 14850 files processed
[INFO]-[2022/05/25 07:26:29] Total 14900 files processed
[INFO]-[2022/05/25 07:26:30] Total 14950 files processed
[INFO]-[2022/05/25 07:26:30] Total 15000 files processed
[INFO]-[2022/05/25 07:26:30] Total 15050 files processed
[INFO]-[2022/05/25 07:26:31] Total 15100 files processed
[INFO]-[2022/05/25 07:26:31] Total 15150 files processed
[INFO]-[2022/05/25 07:26:31] Total 15200 files processed
[INFO]-[2022/05/25 07:26:32] Total 15250 files processed
[INFO]-[2022/05/25 07:26:32] Total 15300 files processed
[INFO]-[2022/05/25 07:26:32] Total 15350 files processed
[INFO]-[2022/05/25 07:26:33] Total 15400 files processed
[INFO]-[2022/05/25 07:26:33] Total 15450 files processed
[INFO]-[2022/05/25 07:26:33] Total 15500 files processed
[INFO]-[2022/05/25 07:26:34] Total 15550 files processed
[INFO]-[2022/05/25 07:26:34] Total 15600 files processed
[INFO]-[2022/05/25 07:26:34] Skipping big file: /var/www/html/wp-content/themes/sala/assets/import/01/content.xml
[INFO]-[2022/05/25 07:26:34] Skipping big file: /var/www/html/wp-content/themes/sala/assets/import/02/content.xml
[INFO]-[2022/05/25 07:26:34] Total 15650 files processed
[INFO]-[2022/05/25 07:26:35] Total 15700 files processed
[INFO]-[2022/05/25 07:26:35] Total 15750 files processed
[INFO]-[2022/05/25 07:26:35] Total 15800 files processed
[INFO]-[2022/05/25 07:26:36] Total 15850 files processed
[INFO]-[2022/05/25 07:26:36] Skipping big file: /var/www/html/wp-content/themes/sala/plugins/uxper-crypto.zip
[INFO]-[2022/05/25 07:26:36] Skipping big file: /var/www/html/wp-content/themes/sala/plugins/uxper-metabox.zip
[INFO]-[2022/05/25 07:26:36] Total 15900 files processed
[INFO]-[2022/05/25 07:26:36] Total 15950 files processed
[INFO]-[2022/05/25 07:26:37] Total 16000 files processed
[INFO]-[2022/05/25 07:26:37] Total 16050 files processed
[INFO]-[2022/05/25 07:26:37] Total 16100 files processed
[INFO]-[2022/05/25 07:26:38] Total 16150 files processed
[INFO]-[2022/05/25 07:26:38] Total 16200 files processed
[INFO]-[2022/05/25 07:26:38] Total 16250 files processed
[INFO]-[2022/05/25 07:26:39] Total 16300 files processed
[INFO]-[2022/05/25 07:26:39] Total 16350 files processed
[INFO]-[2022/05/25 07:26:39] Total 16400 files processed
[INFO]-[2022/05/25 07:26:40] Total 16450 files processed
[INFO]-[2022/05/25 07:26:40] Skipping big file: /var/www/html/wp-content/uploads/2022/05/spreadsheet-document-information-financial-startup-concept.jpg
[INFO]-[2022/05/25 07:26:40] Total 16500 files processed
[INFO]-[2022/05/25 07:26:40] Skipping big file: /var/www/html/wp-content/uploads/2022/05/spreadsheet-document-information-financial-startup-concept-1.jpg
[INFO]-[2022/05/25 07:26:40] Total 16550 files processed
[INFO]-[2022/05/25 07:26:41] Total 16600 files processed
[INFO]-[2022/05/25 07:26:41] Total 16650 files processed
[INFO]-[2022/05/25 07:26:41] Total 16700 files processed
[INFO]-[2022/05/25 07:26:42] Total 16750 files processed
[INFO]-[2022/05/25 07:26:42] Total 16800 files processed
[INFO]-[2022/05/25 07:26:42] Total 16850 files processed
[INFO]-[2022/05/25 07:26:43] Total 16900 files processed
[INFO]-[2022/05/25 07:26:43] Total 16950 files processed
[INFO]-[2022/05/25 07:26:43] Total 17000 files processed
[INFO]-[2022/05/25 07:26:44] Total 17050 files processed
[INFO]-[2022/05/25 07:26:44] Total 17100 files processed
[INFO]-[2022/05/25 07:26:44] Total 17150 files processed
[INFO]-[2022/05/25 07:26:45] Total 17200 files processed
[INFO]-[2022/05/25 07:26:45] Total 17250 files processed
[INFO]-[2022/05/25 07:26:45] Total 17300 files processed
[INFO]-[2022/05/25 07:26:46] Total 17350 files processed
[INFO]-[2022/05/25 07:26:46] Total 17400 files processed
[INFO]-[2022/05/25 07:26:46] Total 17450 files processed
[INFO]-[2022/05/25 07:26:47] Total 17500 files processed
[INFO]-[2022/05/25 07:26:47] Skipping big file: /var/www/html/wp-content/updraft/backup_2022-05-02-1105_A1Office_70b3c31643e6-plugins.zip
[INFO]-[2022/05/25 07:26:47] Skipping big file: /var/www/html/wp-content/updraft/backup_2022-05-25-0629_A1Office_905c1bbf8dc9-themes.zip
[INFO]-[2022/05/25 07:26:47] Skipping big file: /var/www/html/wp-content/updraft/backup_2022-05-02-1105_A1Office_70b3c31643e6-uploads.zip
[INFO]-[2022/05/25 07:26:47] Skipping big file: /var/www/html/wp-content/updraft/backup_2022-05-02-1105_A1Office_70b3c31643e6-themes.zip
[INFO]-[2022/05/25 07:26:47] Skipping big file: /var/www/html/wp-content/updraft/backup_2022-05-25-0629_A1Office_905c1bbf8dc9-uploads.zip
[INFO]-[2022/05/25 07:26:47] Skipping big file: /var/www/html/wp-content/updraft/backup_2022-05-25-0629_A1Office_905c1bbf8dc9-plugins.zip
[INFO]-[2022/05/25 07:26:47] Total 17550 files processed
[INFO]-[2022/05/25 07:26:47] Total 17600 files processed
[INFO]-[2022/05/25 07:26:48] Total 17650 files processed
[INFO]-[2022/05/25 07:26:48] Total 17700 files processed
[INFO]-[2022/05/25 07:26:48] Total 17750 files processed
[INFO]-[2022/05/25 07:26:49] Total 17800 files processed
[INFO]-[2022/05/25 07:26:49] Total 17850 files processed
[INFO]-[2022/05/25 07:26:49] Total 17900 files processed
[INFO]-[2022/05/25 07:26:50] Total 17950 files processed
[INFO]-[2022/05/25 07:26:50] Total 18000 files processed
[INFO]-[2022/05/25 07:26:50] Total 18050 files processed
[INFO]-[2022/05/25 07:26:51] Total 18100 files processed
[INFO]-[2022/05/25 07:26:51] Total 18150 files processed
[INFO]-[2022/05/25 07:26:51] Total 18200 files processed
[INFO]-[2022/05/25 07:26:52] Total 18250 files processed
[INFO]-[2022/05/25 07:26:52] Total 18300 files processed
[INFO]-[2022/05/25 07:26:52] Total 18350 files processed
[INFO]-[2022/05/25 07:26:53] Total 18400 files processed
[INFO]-[2022/05/25 07:26:53] Total 18450 files processed
[INFO]-[2022/05/25 07:26:54] Total 18500 files processed
[INFO]-[2022/05/25 07:26:54] Total 18550 files processed
[INFO]-[2022/05/25 07:26:54] Total 18600 files processed
[INFO]-[2022/05/25 07:26:55] Total 18650 files processed
[INFO]-[2022/05/25 07:26:55] Total 18700 files processed
[INFO]-[2022/05/25 07:26:55] Total 18750 files processed
[INFO]-[2022/05/25 07:26:56] Total 18800 files processed
[INFO]-[2022/05/25 07:26:56] Total 18850 files processed
[INFO]-[2022/05/25 07:26:56] Total 18900 files processed
[INFO]-[2022/05/25 07:26:57] Total 18950 files processed
[INFO]-[2022/05/25 07:26:57] Total 19000 files processed
[INFO]-[2022/05/25 07:26:57] Total 19050 files processed
[INFO]-[2022/05/25 07:26:58] Total 19100 files processed
[INFO]-[2022/05/25 07:26:58] Total 19150 files processed
[INFO]-[2022/05/25 07:26:58] Total 19200 files processed
[INFO]-[2022/05/25 07:26:59] Total 19250 files processed
[INFO]-[2022/05/25 07:26:59] Total 19300 files processed
[INFO]-[2022/05/25 07:26:59] Total 19350 files processed
[INFO]-[2022/05/25 07:27:00] Total 19400 files processed
[INFO]-[2022/05/25 07:27:00] Total 19450 files processed
[INFO]-[2022/05/25 07:27:00] Total 19500 files processed
[INFO]-[2022/05/25 07:27:01] Total 19550 files processed
[INFO]-[2022/05/25 07:27:01] Total 19600 files processed
[INFO]-[2022/05/25 07:27:01] Total 19650 files processed
[INFO]-[2022/05/25 07:27:02] Total 19700 files processed
[INFO]-[2022/05/25 07:27:02] Total 19750 files processed
[INFO]-[2022/05/25 07:27:02] Total 19800 files processed
[INFO]-[2022/05/25 07:27:03] Total 19850 files processed
[INFO]-[2022/05/25 07:27:03] Total 19900 files processed
[INFO]-[2022/05/25 07:27:03] Total 19950 files processed
[INFO]-[2022/05/25 07:27:04] Total 20000 files processed
[INFO]-[2022/05/25 07:27:04] Total 20050 files processed
[INFO]-[2022/05/25 07:27:04] Total 20100 files processed
[INFO]-[2022/05/25 07:27:05] Total 20150 files processed
[INFO]-[2022/05/25 07:27:05] Total 20200 files processed
[INFO]-[2022/05/25 07:27:05] Total 20250 files processed
[INFO]-[2022/05/25 07:27:06] Total 20300 files processed
[INFO]-[2022/05/25 07:27:06] Total 20350 files processed
[INFO]-[2022/05/25 07:27:06] Total 20400 files processed
[INFO]-[2022/05/25 07:27:07] Total 20450 files processed
[INFO]-[2022/05/25 07:27:07] Total 20500 files processed
[INFO]-[2022/05/25 07:27:07] Total 20550 files processed
[INFO]-[2022/05/25 07:27:08] Total 20600 files processed
[INFO]-[2022/05/25 07:27:08] Total 20650 files processed
[INFO]-[2022/05/25 07:27:08] Total 20700 files processed
[INFO]-[2022/05/25 07:27:09] Total 20750 files processed
[INFO]-[2022/05/25 07:27:09] Total 20800 files processed
[INFO]-[2022/05/25 07:27:09] Total 20850 files processed
[INFO]-[2022/05/25 07:27:10] Total 20900 files processed
[INFO]-[2022/05/25 07:27:10] Total 20950 files processed
[INFO]-[2022/05/25 07:27:10] Total 21000 files processed
[INFO]-[2022/05/25 07:27:11] Total 21050 files processed
[INFO]-[2022/05/25 07:27:11] Total 21100 files processed
[INFO]-[2022/05/25 07:27:11] Total 21150 files processed
[INFO]-[2022/05/25 07:27:12] Total 21200 files processed
[INFO]-[2022/05/25 07:27:12] Total 21250 files processed
[INFO]-[2022/05/25 07:27:12] Total 21300 files processed
[INFO]-[2022/05/25 07:27:13] Total 21350 files processed
[INFO]-[2022/05/25 07:27:13] Total 21400 files processed
[INFO]-[2022/05/25 07:27:13] Total 21450 files processed
[INFO]-[2022/05/25 07:27:14] Total 21500 files processed
[INFO]-[2022/05/25 07:27:14] Total 21550 files processed
[INFO]-[2022/05/25 07:27:14] Total 21600 files processed
[INFO]-[2022/05/25 07:27:15] Total 21650 files processed
[INFO]-[2022/05/25 07:27:15] Skipped symlinking Wp Uploads Folder
[INFO]-[2022/05/25 07:27:15] Copying files finished
[INFO]-[2022/05/25 07:27:16] DB Data Step 0: Copy wp-config.php file
[INFO]-[2022/05/25 07:27:16] DB Data Step 0: Skipping: wp-config.php already exists in /var/www/html/wp-staging-site/wp-config.php
[INFO]-[2022/05/25 07:27:16] DB Data Step 1: Updating siteurl and homeurl in wpstg0_options to https://dev.a1office.co/wp-staging-site
[INFO]-[2022/05/25 07:27:17] DB Data Step 3: Updating db prefix in wpstg0_usermeta.
[INFO]-[2022/05/25 07:27:17] DB Data Step 4: Updating table_prefix in /var/www/html/wp-staging-site/wp-config.php to wpstg0_
[INFO]-[2022/05/25 07:27:17] DB Data Step 5: WP installation is not in a subdirectory! Skipping this step
[INFO]-[2022/05/25 07:27:18] DB Data Step 6: Updating db prefix in wpstg0_options.
[INFO]-[2022/05/25 07:27:18] DB Data Step 7: Updating constants in wp-config.php
[INFO]-[2022/05/25 07:27:18] DB Data Step 7: Added:UPLOADS
[INFO]-[2022/05/25 07:27:18] DB Data Step 7: Added:WP_PLUGIN_DIR
[INFO]-[2022/05/25 07:27:18] DB Data Step 7: Added:WP_PLUGIN_URL
[INFO]-[2022/05/25 07:27:18] DB Data Step 7: Added:WP_LANG_DIR
[INFO]-[2022/05/25 07:27:18] DB Data Step 7: Updated: WP_HOME
[INFO]-[2022/05/25 07:27:18] DB Data Step 7: Updated: WP_SITEURL
[INFO]-[2022/05/25 07:27:18] DB Data Step 7: Updated: WP_CACHE
[INFO]-[2022/05/25 07:27:18] DB Data Step 7: Added:WP_ENVIRONMENT_TYPE
[INFO]-[2022/05/25 07:27:18] DB Data Step 7: Skipping: WP_ALLOW_MULTISITE not defined in wp-config.php.
[INFO]-[2022/05/25 07:27:18] DB Data Step 7: Skipping: MULTISITE not defined in wp-config.php.
[INFO]-[2022/05/25 07:27:19] Finish: Deleting clone job's cache files...
[INFO]-[2022/05/25 07:27:19] Finish: Clone job's cache files have been deleted!
[INFO]-[2022/05/25 07:27:19] Finish: Verifying existing clones...
[INFO]-[2022/05/25 07:27:19] Finish: The job finished!
